<?xml version="1.0" encoding="UTF-8"?>
<!-- Generated by org.testng.reporters.JUnitXMLReporter -->
<testsuite hostname="TX590-5R10QN2" name="SmokeRegTests" tests="6" failures="1" timestamp="10 May 2018 14:28:23 GMT" time="129.64" errors="0">
  <testcase name="runTC_SF_ABAMERBrokerAccountsPopulatingAllFields" time="6.495" classname="testscripts.SF.RegressionTestScripts.TC_SF_ABAMERBrokerAccountsPopulatingAllFields"/>
  <testcase name="runTC_SF_ABAMERBrokerAccountsVerifyDetailsPage" time="1.721" classname="testscripts.SF.RegressionTestScripts.TC_SF_ABAMERBrokerAccountsVerifyDetailsPage"/>
  <testcase name="runTC_SF_ABAMERBrokerContactsPopulatingAllFields" time="4.797" classname="testscripts.SF.RegressionTestScripts.TC_SF_ABAMERBrokerContactsPopulatingAllFields"/>
  <testcase name="runTC_SF_ABAMERBrokerHomePageLinks" time="44.364" classname="testscripts.SF.RegressionTestScripts.TC_SF_ABAMERBrokerHomePageLinks"/>
  <testcase name="runTC_SF_ABAMERBrokerLeadsCustomEventPage" time="29.169" classname="testscripts.SF.RegressionTestScripts.TC_SF_ABAMERBrokerLeadsCustomEventPage"/>
  <testcase name="runTC_SF_ABAMERBrokerLeadsSharingFunctionalityPage" time="43.063" classname="testscripts.SF.RegressionTestScripts.TC_SF_ABAMERBrokerLeadsSharingFunctionalityPage">
    <failure type="java.lang.AssertionError" message="unknown error: unhandled inspector error: {&amp;quot;code&amp;quot;:-32000,&amp;quot;message&amp;quot;:&amp;quot;Cannot find context with specified id&amp;quot;}
  (Session info: chrome=66.0.3359.139)
  (Driver info: chromedriver=2.35.528161 (5b82f2d2aae0ca24b877009200ced9065a772e73),platform=Windows NT 10.0.14393 x86_64) (WARNING: The server did not provide any stacktrace information)
Command duration or timeout: 0 milliseconds
Build info: version: &amp;apos;3.6.0&amp;apos;, revision: &amp;apos;6fbf3ec767&amp;apos;, time: &amp;apos;2017-09-27T15:28:36.4Z&amp;apos;
System info: host: &amp;apos;TX590-5R10QN2&amp;apos;, ip: &amp;apos;10.22.20.80&amp;apos;, os.name: &amp;apos;Windows 10&amp;apos;, os.arch: &amp;apos;amd64&amp;apos;, os.version: &amp;apos;10.0&amp;apos;, java.version: &amp;apos;1.8.0_171&amp;apos;
Driver info: org.openqa.selenium.chrome.ChromeDriver
Capabilities [{mobileEmulationEnabled=false, hasTouchScreen=false, platform=XP, acceptSslCerts=false, acceptInsecureCerts=false, webStorageEnabled=true, browserName=chrome, takesScreenshot=true, javascriptEnabled=true, platformName=XP, setWindowRect=true, unexpectedAlertBehaviour=, applicationCacheEnabled=false, rotatable=false, networkConnectionEnabled=false, chrome={chromedriverVersion=2.35.528161 (5b82f2d2aae0ca24b877009200ced9065a772e73), userDataDir=C:\Users\RNALLA~1\AppData\Local\Temp\scoped_dir10192_16163}, takesHeapSnapshot=true, pageLoadStrategy=normal, unhandledPromptBehavior=, databaseEnabled=false, handlesAlerts=true, version=66.0.3359.139, browserConnectionEnabled=false, nativeEvents=true, locationContextEnabled=true, cssSelectorsEnabled=true}]
Session ID: 7b77050358eb1892c714a3917bf5f799
*** Element info: {Using=xpath, value=.//option[normalize-space(.) = &amp;quot;User: vishnuvardhan bommisetty&amp;quot;]}">
      <![CDATA[java.lang.AssertionError: unknown error: unhandled inspector error: {"code":-32000,"message":"Cannot find context with specified id"}
  (Session info: chrome=66.0.3359.139)
  (Driver info: chromedriver=2.35.528161 (5b82f2d2aae0ca24b877009200ced9065a772e73),platform=Windows NT 10.0.14393 x86_64) (WARNING: The server did not provide any stacktrace information)
Command duration or timeout: 0 milliseconds
Build info: version: '3.6.0', revision: '6fbf3ec767', time: '2017-09-27T15:28:36.4Z'
System info: host: 'TX590-5R10QN2', ip: '10.22.20.80', os.name: 'Windows 10', os.arch: 'amd64', os.version: '10.0', java.version: '1.8.0_171'
Driver info: org.openqa.selenium.chrome.ChromeDriver
Capabilities [{mobileEmulationEnabled=false, hasTouchScreen=false, platform=XP, acceptSslCerts=false, acceptInsecureCerts=false, webStorageEnabled=true, browserName=chrome, takesScreenshot=true, javascriptEnabled=true, platformName=XP, setWindowRect=true, unexpectedAlertBehaviour=, applicationCacheEnabled=false, rotatable=false, networkConnectionEnabled=false, chrome={chromedriverVersion=2.35.528161 (5b82f2d2aae0ca24b877009200ced9065a772e73), userDataDir=C:\Users\RNALLA~1\AppData\Local\Temp\scoped_dir10192_16163}, takesHeapSnapshot=true, pageLoadStrategy=normal, unhandledPromptBehavior=, databaseEnabled=false, handlesAlerts=true, version=66.0.3359.139, browserConnectionEnabled=false, nativeEvents=true, locationContextEnabled=true, cssSelectorsEnabled=true}]
Session ID: 7b77050358eb1892c714a3917bf5f799
*** Element info: {Using=xpath, value=.//option[normalize-space(.) = "User: vishnuvardhan bommisetty"]}
	at com.cognizant.Craft.CRAFTTestCase.tearDownTestRunner(CRAFTTestCase.java:149)
	at testscripts.SF.RegressionTestScripts.TC_SF_ABAMERBrokerLeadsSharingFunctionalityPage.runTC_SF_ABAMERBrokerLeadsSharingFunctionalityPage(TC_SF_ABAMERBrokerLeadsSharingFunctionalityPage.java:35)
	at java.util.concurrent.ThreadPoolExecutor.runWorker(Unknown Source)
	at java.util.concurrent.ThreadPoolExecutor$Worker.run(Unknown Source)
	at java.lang.Thread.run(Unknown Source)
... Removed 11 stack frames]]>
    </failure>
  </testcase> <!-- runTC_SF_ABAMERBrokerLeadsSharingFunctionalityPage -->
</testsuite> <!-- SmokeRegTests -->
