<?xml version="1.0" encoding="UTF-8"?>
<!-- Generated by org.testng.reporters.JUnitXMLReporter -->
<testsuite hostname="TX717-4441WGD" name="Smoke Test" tests="24" failures="24" timestamp="19 Apr 2017 02:38:39 GMT" time="310.151" errors="0">
  <testcase name="runTC_SF_AdminLogin" time="17.265" classname="testscripts.SF.SmokeTestScripts.TC_SF_AdminLogin">
    <failure type="java.lang.AssertionError" message="java.lang.NullPointerException">
      <![CDATA[java.lang.AssertionError: java.lang.NullPointerException
	at com.cognizant.Craft.CRAFTTestCase.tearDownTestRunner(CRAFTTestCase.java:105)
	at testscripts.SF.SmokeTestScripts.TC_SF_AdminLogin.runTC_SF_AdminLogin(TC_SF_AdminLogin.java:34)
	at java.util.concurrent.ThreadPoolExecutor.runWorker(Unknown Source)
	at java.util.concurrent.ThreadPoolExecutor$Worker.run(Unknown Source)
	at java.lang.Thread.run(Unknown Source)
... Removed 11 stack frames]]>
    </failure>
  </testcase> <!-- runTC_SF_AdminLogin -->
  <testcase name="runTC_SF_AdminHomePageLinks" time="30.582" classname="testscripts.SF.SmokeTestScripts.TC_SF_AdminHomePageLinks">
    <failure type="java.lang.AssertionError" message="java.lang.NullPointerException">
      <![CDATA[java.lang.AssertionError: java.lang.NullPointerException
	at com.cognizant.Craft.CRAFTTestCase.tearDownTestRunner(CRAFTTestCase.java:105)
	at testscripts.SF.SmokeTestScripts.TC_SF_AdminHomePageLinks.runTC_SF_AdminHomePageLinks(TC_SF_AdminHomePageLinks.java:34)
	at java.util.concurrent.ThreadPoolExecutor.runWorker(Unknown Source)
	at java.util.concurrent.ThreadPoolExecutor$Worker.run(Unknown Source)
	at java.lang.Thread.run(Unknown Source)
... Removed 11 stack frames]]>
    </failure>
  </testcase> <!-- runTC_SF_AdminHomePageLinks -->
  <testcase name="runTC_SF_AdminConvertLead" time="24.502" classname="testscripts.SF.SmokeTestScripts.TC_SF_AdminConvertLead">
    <failure type="java.lang.AssertionError" message="java.lang.NullPointerException">
      <![CDATA[java.lang.AssertionError: java.lang.NullPointerException
	at com.cognizant.Craft.CRAFTTestCase.tearDownTestRunner(CRAFTTestCase.java:105)
	at testscripts.SF.SmokeTestScripts.TC_SF_AdminConvertLead.runTC_SF_AdminConvertLead(TC_SF_AdminConvertLead.java:34)
	at java.util.concurrent.ThreadPoolExecutor.runWorker(Unknown Source)
	at java.util.concurrent.ThreadPoolExecutor$Worker.run(Unknown Source)
	at java.lang.Thread.run(Unknown Source)
... Removed 11 stack frames]]>
    </failure>
  </testcase> <!-- runTC_SF_AdminConvertLead -->
  <testcase name="runTC_SF_CSSLogin" time="13.321" classname="testscripts.SF.SmokeTestScripts.TC_SF_CSSLogin">
    <failure type="java.lang.AssertionError" message="java.lang.NullPointerException">
      <![CDATA[java.lang.AssertionError: java.lang.NullPointerException
	at com.cognizant.Craft.CRAFTTestCase.tearDownTestRunner(CRAFTTestCase.java:105)
	at testscripts.SF.SmokeTestScripts.TC_SF_CSSLogin.runTC_SF_CSSLogin(TC_SF_CSSLogin.java:34)
	at java.util.concurrent.ThreadPoolExecutor.runWorker(Unknown Source)
	at java.util.concurrent.ThreadPoolExecutor$Worker.run(Unknown Source)
	at java.lang.Thread.run(Unknown Source)
... Removed 11 stack frames]]>
    </failure>
  </testcase> <!-- runTC_SF_CSSLogin -->
  <testcase name="runTC_SF_AdminValidateCustomerPropertyPage" time="30.044" classname="testscripts.SF.SmokeTestScripts.TC_SF_AdminValidateCustomerPropertyPage">
    <failure type="java.lang.AssertionError" message="java.lang.NullPointerException">
      <![CDATA[java.lang.AssertionError: java.lang.NullPointerException
	at com.cognizant.Craft.CRAFTTestCase.tearDownTestRunner(CRAFTTestCase.java:105)
	at testscripts.SF.SmokeTestScripts.TC_SF_AdminValidateCustomerPropertyPage.runTC_SF_AdminValidateCustomerPropertyPage(TC_SF_AdminValidateCustomerPropertyPage.java:34)
	at java.util.concurrent.ThreadPoolExecutor.runWorker(Unknown Source)
	at java.util.concurrent.ThreadPoolExecutor$Worker.run(Unknown Source)
	at java.lang.Thread.run(Unknown Source)
... Removed 11 stack frames]]>
    </failure>
  </testcase> <!-- runTC_SF_AdminValidateCustomerPropertyPage -->
  <testcase name="runTC_SF_ManagerLogin" time="11.973" classname="testscripts.SF.SmokeTestScripts.TC_SF_ManagerLogin">
    <failure type="java.lang.AssertionError" message="java.lang.NullPointerException">
      <![CDATA[java.lang.AssertionError: java.lang.NullPointerException
	at com.cognizant.Craft.CRAFTTestCase.tearDownTestRunner(CRAFTTestCase.java:105)
	at testscripts.SF.SmokeTestScripts.TC_SF_ManagerLogin.runTC_SF_ManagerLogin(TC_SF_ManagerLogin.java:34)
	at java.util.concurrent.ThreadPoolExecutor.runWorker(Unknown Source)
	at java.util.concurrent.ThreadPoolExecutor$Worker.run(Unknown Source)
	at java.lang.Thread.run(Unknown Source)
... Removed 11 stack frames]]>
    </failure>
  </testcase> <!-- runTC_SF_ManagerLogin -->
  <testcase name="runTC_SF_CSSHomePageLinks" time="27.817" classname="testscripts.SF.SmokeTestScripts.TC_SF_CSSHomePageLinks">
    <failure type="java.lang.AssertionError" message="java.lang.NullPointerException">
      <![CDATA[java.lang.AssertionError: java.lang.NullPointerException
	at com.cognizant.Craft.CRAFTTestCase.tearDownTestRunner(CRAFTTestCase.java:105)
	at testscripts.SF.SmokeTestScripts.TC_SF_CSSHomePageLinks.runTC_SF_CSSHomePageLinks(TC_SF_CSSHomePageLinks.java:34)
	at java.util.concurrent.ThreadPoolExecutor.runWorker(Unknown Source)
	at java.util.concurrent.ThreadPoolExecutor$Worker.run(Unknown Source)
	at java.lang.Thread.run(Unknown Source)
... Removed 11 stack frames]]>
    </failure>
  </testcase> <!-- runTC_SF_CSSHomePageLinks -->
  <testcase name="runTC_SF_ManagerHomePageLinks" time="30.858" classname="testscripts.SF.SmokeTestScripts.TC_SF_ManagerHomePageLinks">
    <failure type="java.lang.AssertionError" message="java.lang.NullPointerException">
      <![CDATA[java.lang.AssertionError: java.lang.NullPointerException
	at com.cognizant.Craft.CRAFTTestCase.tearDownTestRunner(CRAFTTestCase.java:105)
	at testscripts.SF.SmokeTestScripts.TC_SF_ManagerHomePageLinks.runTC_SF_ManagerHomePageLinks(TC_SF_ManagerHomePageLinks.java:34)
	at java.util.concurrent.ThreadPoolExecutor.runWorker(Unknown Source)
	at java.util.concurrent.ThreadPoolExecutor$Worker.run(Unknown Source)
	at java.lang.Thread.run(Unknown Source)
... Removed 11 stack frames]]>
    </failure>
  </testcase> <!-- runTC_SF_ManagerHomePageLinks -->
  <testcase name="runTC_SF_ManagerCreateGreenspaceLead" time="31.074" classname="testscripts.SF.SmokeTestScripts.TC_SF_ManagerCreateGreenspaceLead">
    <failure type="java.lang.AssertionError" message="java.lang.NullPointerException">
      <![CDATA[java.lang.AssertionError: java.lang.NullPointerException
	at com.cognizant.Craft.CRAFTTestCase.tearDownTestRunner(CRAFTTestCase.java:105)
	at testscripts.SF.SmokeTestScripts.TC_SF_ManagerCreateGreenspaceLead.runTC_SF_ManagerCreateGreenspaceLead(TC_SF_ManagerCreateGreenspaceLead.java:34)
	at java.util.concurrent.ThreadPoolExecutor.runWorker(Unknown Source)
	at java.util.concurrent.ThreadPoolExecutor$Worker.run(Unknown Source)
	at java.lang.Thread.run(Unknown Source)
... Removed 11 stack frames]]>
    </failure>
  </testcase> <!-- runTC_SF_ManagerCreateGreenspaceLead -->
  <testcase name="runTC_SF_OBNewOpportunityPageLayout" time="25.895" classname="testscripts.SF.SmokeTestScripts.TC_SF_OBNewOpportunityPageLayout">
    <failure type="java.lang.AssertionError" message="java.lang.NullPointerException">
      <![CDATA[java.lang.AssertionError: java.lang.NullPointerException
	at com.cognizant.Craft.CRAFTTestCase.tearDownTestRunner(CRAFTTestCase.java:105)
	at testscripts.SF.SmokeTestScripts.TC_SF_OBNewOpportunityPageLayout.runTC_SF_OBNewOpportunityPageLayout(TC_SF_OBNewOpportunityPageLayout.java:35)
	at java.util.concurrent.ThreadPoolExecutor.runWorker(Unknown Source)
	at java.util.concurrent.ThreadPoolExecutor$Worker.run(Unknown Source)
	at java.lang.Thread.run(Unknown Source)
... Removed 11 stack frames]]>
    </failure>
  </testcase> <!-- runTC_SF_OBNewOpportunityPageLayout -->
  <testcase name="runTC_SF_OBRequiredFieldsOnSalesStage03_05" time="25.382" classname="testscripts.SF.SmokeTestScripts.TC_SF_OBRequiredFieldsOnSalesStage03_05">
    <failure type="java.lang.AssertionError" message="java.lang.NullPointerException">
      <![CDATA[java.lang.AssertionError: java.lang.NullPointerException
	at com.cognizant.Craft.CRAFTTestCase.tearDownTestRunner(CRAFTTestCase.java:105)
	at testscripts.SF.SmokeTestScripts.TC_SF_OBRequiredFieldsOnSalesStage03_05.runTC_SF_OBRequiredFieldsOnSalesStage03_05(TC_SF_OBRequiredFieldsOnSalesStage03_05.java:35)
	at java.util.concurrent.ThreadPoolExecutor.runWorker(Unknown Source)
	at java.util.concurrent.ThreadPoolExecutor$Worker.run(Unknown Source)
	at java.lang.Thread.run(Unknown Source)
... Removed 11 stack frames]]>
    </failure>
  </testcase> <!-- runTC_SF_OBRequiredFieldsOnSalesStage03_05 -->
  <testcase name="runTC_SF_OBLogin" time="12.218" classname="testscripts.SF.SmokeTestScripts.TC_SF_OBLogin">
    <failure type="java.lang.AssertionError" message="java.lang.NullPointerException">
      <![CDATA[java.lang.AssertionError: java.lang.NullPointerException
	at com.cognizant.Craft.CRAFTTestCase.tearDownTestRunner(CRAFTTestCase.java:105)
	at testscripts.SF.SmokeTestScripts.TC_SF_OBLogin.runTC_SF_OBLogin(TC_SF_OBLogin.java:34)
	at java.util.concurrent.ThreadPoolExecutor.runWorker(Unknown Source)
	at java.util.concurrent.ThreadPoolExecutor$Worker.run(Unknown Source)
	at java.lang.Thread.run(Unknown Source)
... Removed 11 stack frames]]>
    </failure>
  </testcase> <!-- runTC_SF_OBLogin -->
  <testcase name="runTC_SF_OBRequiredFieldsOnSalesStage16_19" time="29.131" classname="testscripts.SF.SmokeTestScripts.TC_SF_OBRequiredFieldsOnSalesStage16_19">
    <failure type="java.lang.AssertionError" message="java.lang.NullPointerException">
      <![CDATA[java.lang.AssertionError: java.lang.NullPointerException
	at com.cognizant.Craft.CRAFTTestCase.tearDownTestRunner(CRAFTTestCase.java:105)
	at testscripts.SF.SmokeTestScripts.TC_SF_OBRequiredFieldsOnSalesStage16_19.runTC_SF_OBRequiredFieldsOnSalesStage16_19(TC_SF_OBRequiredFieldsOnSalesStage16_19.java:35)
	at java.util.concurrent.ThreadPoolExecutor.runWorker(Unknown Source)
	at java.util.concurrent.ThreadPoolExecutor$Worker.run(Unknown Source)
	at java.lang.Thread.run(Unknown Source)
... Removed 11 stack frames]]>
    </failure>
  </testcase> <!-- runTC_SF_OBRequiredFieldsOnSalesStage16_19 -->
  <testcase name="runTC_SF_OBHomePageLinks" time="25.823" classname="testscripts.SF.SmokeTestScripts.TC_SF_OBHomePageLinks">
    <failure type="java.lang.AssertionError" message="java.lang.NullPointerException">
      <![CDATA[java.lang.AssertionError: java.lang.NullPointerException
	at com.cognizant.Craft.CRAFTTestCase.tearDownTestRunner(CRAFTTestCase.java:105)
	at testscripts.SF.SmokeTestScripts.TC_SF_OBHomePageLinks.runTC_SF_OBHomePageLinks(TC_SF_OBHomePageLinks.java:34)
	at java.util.concurrent.ThreadPoolExecutor.runWorker(Unknown Source)
	at java.util.concurrent.ThreadPoolExecutor$Worker.run(Unknown Source)
	at java.lang.Thread.run(Unknown Source)
... Removed 11 stack frames]]>
    </failure>
  </testcase> <!-- runTC_SF_OBHomePageLinks -->
  <testcase name="runTC_SF_OBAddPrivateNote" time="25.144" classname="testscripts.SF.SmokeTestScripts.TC_SF_OBAddPrivateNote">
    <failure type="java.lang.AssertionError" message="java.lang.NullPointerException">
      <![CDATA[java.lang.AssertionError: java.lang.NullPointerException
	at com.cognizant.Craft.CRAFTTestCase.tearDownTestRunner(CRAFTTestCase.java:105)
	at testscripts.SF.SmokeTestScripts.TC_SF_OBAddPrivateNote.runTC_SF_OBAddPrivateNote(TC_SF_OBAddPrivateNote.java:35)
	at java.util.concurrent.ThreadPoolExecutor.runWorker(Unknown Source)
	at java.util.concurrent.ThreadPoolExecutor$Worker.run(Unknown Source)
	at java.lang.Thread.run(Unknown Source)
... Removed 11 stack frames]]>
    </failure>
  </testcase> <!-- runTC_SF_OBAddPrivateNote -->
  <testcase name="runTC_SF_OBAccountsLandingPage" time="28.644" classname="testscripts.SF.SmokeTestScripts.TC_SF_OBAccountsLandingPage">
    <failure type="java.lang.AssertionError" message="java.lang.NullPointerException">
      <![CDATA[java.lang.AssertionError: java.lang.NullPointerException
	at com.cognizant.Craft.CRAFTTestCase.tearDownTestRunner(CRAFTTestCase.java:105)
	at testscripts.SF.SmokeTestScripts.TC_SF_OBAccountsLandingPage.runTC_SF_OBAccountsLandingPage(TC_SF_OBAccountsLandingPage.java:35)
	at java.util.concurrent.ThreadPoolExecutor.runWorker(Unknown Source)
	at java.util.concurrent.ThreadPoolExecutor$Worker.run(Unknown Source)
	at java.lang.Thread.run(Unknown Source)
... Removed 11 stack frames]]>
    </failure>
  </testcase> <!-- runTC_SF_OBAccountsLandingPage -->
  <testcase name="runTC_SF_OBActivityLightningTimeline" time="28.089" classname="testscripts.SF.SmokeTestScripts.TC_SF_OBActivityLightningTimeline">
    <failure type="java.lang.AssertionError" message="java.lang.NullPointerException">
      <![CDATA[java.lang.AssertionError: java.lang.NullPointerException
	at com.cognizant.Craft.CRAFTTestCase.tearDownTestRunner(CRAFTTestCase.java:105)
	at testscripts.SF.SmokeTestScripts.TC_SF_OBActivityLightningTimeline.runTC_SF_OBActivityLightningTimeline(TC_SF_OBActivityLightningTimeline.java:35)
	at java.util.concurrent.ThreadPoolExecutor.runWorker(Unknown Source)
	at java.util.concurrent.ThreadPoolExecutor$Worker.run(Unknown Source)
	at java.lang.Thread.run(Unknown Source)
... Removed 11 stack frames]]>
    </failure>
  </testcase> <!-- runTC_SF_OBActivityLightningTimeline -->
  <testcase name="runTC_SF_OBConvertLead" time="24.632" classname="testscripts.SF.SmokeTestScripts.TC_SF_OBConvertLead">
    <failure type="java.lang.AssertionError" message="java.lang.NullPointerException">
      <![CDATA[java.lang.AssertionError: java.lang.NullPointerException
	at com.cognizant.Craft.CRAFTTestCase.tearDownTestRunner(CRAFTTestCase.java:105)
	at testscripts.SF.SmokeTestScripts.TC_SF_OBConvertLead.runTC_SF_OBConvertLead(TC_SF_OBConvertLead.java:35)
	at java.util.concurrent.ThreadPoolExecutor.runWorker(Unknown Source)
	at java.util.concurrent.ThreadPoolExecutor$Worker.run(Unknown Source)
	at java.lang.Thread.run(Unknown Source)
... Removed 11 stack frames]]>
    </failure>
  </testcase> <!-- runTC_SF_OBConvertLead -->
  <testcase name="runTC_SF_OBCreateLead" time="24.877" classname="testscripts.SF.SmokeTestScripts.TC_SF_OBCreateLead">
    <failure type="java.lang.AssertionError" message="java.lang.NullPointerException">
      <![CDATA[java.lang.AssertionError: java.lang.NullPointerException
	at com.cognizant.Craft.CRAFTTestCase.tearDownTestRunner(CRAFTTestCase.java:105)
	at testscripts.SF.SmokeTestScripts.TC_SF_OBCreateLead.runTC_SF_OBCreateLead(TC_SF_OBCreateLead.java:35)
	at java.util.concurrent.ThreadPoolExecutor.runWorker(Unknown Source)
	at java.util.concurrent.ThreadPoolExecutor$Worker.run(Unknown Source)
	at java.lang.Thread.run(Unknown Source)
... Removed 11 stack frames]]>
    </failure>
  </testcase> <!-- runTC_SF_OBCreateLead -->
  <testcase name="runTC_SF_OBCloneEditLeadDetailPage" time="24.731" classname="testscripts.SF.SmokeTestScripts.TC_SF_OBCloneEditLeadDetailPage">
    <failure type="java.lang.AssertionError" message="java.lang.NullPointerException">
      <![CDATA[java.lang.AssertionError: java.lang.NullPointerException
	at com.cognizant.Craft.CRAFTTestCase.tearDownTestRunner(CRAFTTestCase.java:105)
	at testscripts.SF.SmokeTestScripts.TC_SF_OBCloneEditLeadDetailPage.runTC_SF_OBCloneEditLeadDetailPage(TC_SF_OBCloneEditLeadDetailPage.java:35)
	at java.util.concurrent.ThreadPoolExecutor.runWorker(Unknown Source)
	at java.util.concurrent.ThreadPoolExecutor$Worker.run(Unknown Source)
	at java.lang.Thread.run(Unknown Source)
... Removed 11 stack frames]]>
    </failure>
  </testcase> <!-- runTC_SF_OBCloneEditLeadDetailPage -->
  <testcase name="runTC_SF_OBRelatedListsLeadLandingPage" time="29.079" classname="testscripts.SF.SmokeTestScripts.TC_SF_OBRelatedListsLeadLandingPage">
    <failure type="java.lang.AssertionError" message="java.lang.NullPointerException">
      <![CDATA[java.lang.AssertionError: java.lang.NullPointerException
	at com.cognizant.Craft.CRAFTTestCase.tearDownTestRunner(CRAFTTestCase.java:105)
	at testscripts.SF.SmokeTestScripts.TC_SF_OBRelatedListsLeadLandingPage.runTC_SF_OBRelatedListsLeadLandingPage(TC_SF_OBRelatedListsLeadLandingPage.java:35)
	at java.util.concurrent.ThreadPoolExecutor.runWorker(Unknown Source)
	at java.util.concurrent.ThreadPoolExecutor$Worker.run(Unknown Source)
	at java.lang.Thread.run(Unknown Source)
... Removed 11 stack frames]]>
    </failure>
  </testcase> <!-- runTC_SF_OBRelatedListsLeadLandingPage -->
  <testcase name="runTC_SF_OBAddPrivateNoteLead" time="31.476" classname="testscripts.SF.SmokeTestScripts.TC_SF_OBAddPrivateNoteLead">
    <failure type="java.lang.AssertionError" message="java.lang.NullPointerException">
      <![CDATA[java.lang.AssertionError: java.lang.NullPointerException
	at com.cognizant.Craft.CRAFTTestCase.tearDownTestRunner(CRAFTTestCase.java:105)
	at testscripts.SF.SmokeTestScripts.TC_SF_OBAddPrivateNoteLead.runTC_SF_OBAddPrivateNoteLead(TC_SF_OBAddPrivateNoteLead.java:35)
	at java.util.concurrent.ThreadPoolExecutor.runWorker(Unknown Source)
	at java.util.concurrent.ThreadPoolExecutor$Worker.run(Unknown Source)
	at java.lang.Thread.run(Unknown Source)
... Removed 11 stack frames]]>
    </failure>
  </testcase> <!-- runTC_SF_OBAddPrivateNoteLead -->
  <testcase name="runTC_SF_OBConvertLeadExistingAccount" time="24.771" classname="testscripts.SF.SmokeTestScripts.TC_SF_OBConvertLeadExistingAccount">
    <failure type="java.lang.AssertionError" message="java.lang.NullPointerException">
      <![CDATA[java.lang.AssertionError: java.lang.NullPointerException
	at com.cognizant.Craft.CRAFTTestCase.tearDownTestRunner(CRAFTTestCase.java:105)
	at testscripts.SF.SmokeTestScripts.TC_SF_OBConvertLeadExistingAccount.runTC_SF_OBConvertLeadExistingAccount(TC_SF_OBConvertLeadExistingAccount.java:35)
	at java.util.concurrent.ThreadPoolExecutor.runWorker(Unknown Source)
	at java.util.concurrent.ThreadPoolExecutor$Worker.run(Unknown Source)
	at java.lang.Thread.run(Unknown Source)
... Removed 11 stack frames]]>
    </failure>
  </testcase> <!-- runTC_SF_OBConvertLeadExistingAccount -->
  <testcase name="runTC_SF_OBConvertLeadNewAccount" time="23.19" classname="testscripts.SF.SmokeTestScripts.TC_SF_OBConvertLeadNewAccount">
    <failure type="java.lang.AssertionError" message="java.lang.NullPointerException">
      <![CDATA[java.lang.AssertionError: java.lang.NullPointerException
	at com.cognizant.Craft.CRAFTTestCase.tearDownTestRunner(CRAFTTestCase.java:105)
	at testscripts.SF.SmokeTestScripts.TC_SF_OBConvertLeadNewAccount.runTC_SF_OBConvertLeadNewAccount(TC_SF_OBConvertLeadNewAccount.java:35)
	at java.util.concurrent.ThreadPoolExecutor.runWorker(Unknown Source)
	at java.util.concurrent.ThreadPoolExecutor$Worker.run(Unknown Source)
	at java.lang.Thread.run(Unknown Source)
... Removed 11 stack frames]]>
    </failure>
  </testcase> <!-- runTC_SF_OBConvertLeadNewAccount -->
</testsuite> <!-- Smoke Test -->
